0 info it worked if it ends with ok
1 verbose cli [ '/usr/bin/node', '/usr/bin/npm', 'start' ]
2 info using npm@3.5.2
3 info using node@v8.10.0
4 verbose run-script [ 'prestart', 'start', 'poststart' ]
5 info lifecycle startbootstrap-cashare@4.0.7~prestart: startbootstrap-cashare@4.0.7
6 silly lifecycle startbootstrap-cashare@4.0.7~prestart: no script for prestart, continuing
7 info lifecycle startbootstrap-cashare@4.0.7~start: startbootstrap-cashare@4.0.7
8 verbose lifecycle startbootstrap-cashare@4.0.7~start: unsafe-perm in lifecycle true
9 verbose lifecycle startbootstrap-cashare@4.0.7~start: PATH: /usr/share/npm/bin/node-gyp-bin:/home/daniel/src/cashare/node_modules/.bin:/usr/local/texlive/2019/bin/x86_64-linux:/usr/local/texlive/2010/bin/x86_64-linux:/home/daniel/.pyenv/versions/3.7.2/bin:/home/daniel/.ebcli-virtual-env/executables:/usr/local/sbin:/usr/local/bin:/usr/sbin:/usr/bin:/sbin:/bin:/usr/games:/usr/local/games:/snap/bin
10 verbose lifecycle startbootstrap-cashare@4.0.7~start: CWD: /home/daniel/src/cashare
11 silly lifecycle startbootstrap-cashare@4.0.7~start: Args: [ '-c', 'gulp watch' ]
12 silly lifecycle startbootstrap-cashare@4.0.7~start: Returned: code: 1  signal: null
13 info lifecycle startbootstrap-cashare@4.0.7~start: Failed to exec start script
14 verbose stack Error: startbootstrap-cashare@4.0.7 start: `gulp watch`
14 verbose stack Exit status 1
14 verbose stack     at EventEmitter.<anonymous> (/usr/share/npm/lib/utils/lifecycle.js:232:16)
14 verbose stack     at emitTwo (events.js:126:13)
14 verbose stack     at EventEmitter.emit (events.js:214:7)
14 verbose stack     at ChildProcess.<anonymous> (/usr/share/npm/lib/utils/spawn.js:24:14)
14 verbose stack     at emitTwo (events.js:126:13)
14 verbose stack     at ChildProcess.emit (events.js:214:7)
14 verbose stack     at maybeClose (internal/child_process.js:925:16)
14 verbose stack     at Process.ChildProcess._handle.onexit (internal/child_process.js:209:5)
15 verbose pkgid startbootstrap-cashare@4.0.7
16 verbose cwd /home/daniel/src/cashare
17 error Linux 5.3.0-46-generic
18 error argv "/usr/bin/node" "/usr/bin/npm" "start"
19 error node v8.10.0
20 error npm  v3.5.2
21 error code ELIFECYCLE
22 error startbootstrap-cashare@4.0.7 start: `gulp watch`
22 error Exit status 1
23 error Failed at the startbootstrap-cashare@4.0.7 start script 'gulp watch'.
23 error Make sure you have the latest version of node.js and npm installed.
23 error If you do, this is most likely a problem with the startbootstrap-cashare package,
23 error not with npm itself.
23 error Tell the author that this fails on your system:
23 error     gulp watch
23 error You can get information on how to open an issue for this project with:
23 error     npm bugs startbootstrap-cashare
23 error Or if that isn't available, you can get their info via:
23 error     npm owner ls startbootstrap-cashare
23 error There is likely additional logging output above.
24 verbose exit [ 1, true ]
